 [
   {
     "Plan": {
       "Node Type": "Unique",
       "Parallel Aware": false,
       "Startup Cost": 139877.17,
       "Total Cost": 139877.22,
       "Plan Rows": 10,
       "Plan Width": 32,
       "Actual Startup Time": 454.715,
       "Actual Total Time": 454.752,
       "Actual Rows": 70,
       "Actual Loops": 1,
       "Output": ["((regexp_matches((a.pubkey)::text, '.*/(.*)/.*'::text, 'g'::text))[1])"],
       "Plans": [
         {
           "Node Type": "Sort",
           "Parent Relationship": "Outer",
           "Parallel Aware": false,
           "Startup Cost": 139877.17,
           "Total Cost": 139877.19,
           "Plan Rows": 10,
           "Plan Width": 32,
           "Actual Startup Time": 454.714,
           "Actual Total Time": 454.726,
           "Actual Rows": 215,
           "Actual Loops": 1,
           "Output": ["((regexp_matches((a.pubkey)::text, '.*/(.*)/.*'::text, 'g'::text))[1])"],
           "Sort Key": ["((regexp_matches((a.pubkey)::text, '.*/(.*)/.*'::text, 'g'::text))[1])"],
           "Sort Method": "quicksort",
           "Sort Space Used": 35,
           "Sort Space Type": "Memory",
           "Plans": [
             {
               "Node Type": "Result",
               "Parent Relationship": "Outer",
               "Parallel Aware": false,
               "Startup Cost": 1000.89,
               "Total Cost": 139877.00,
               "Plan Rows": 10,
               "Plan Width": 32,
               "Actual Startup Time": 40.686,
               "Actual Total Time": 454.151,
               "Actual Rows": 215,
               "Actual Loops": 1,
               "Output": ["(regexp_matches((a.pubkey)::text, '.*/(.*)/.*'::text, 'g'::text))[1]"],
               "Plans": [
                 {
                   "Node Type": "ProjectSet",
                   "Parent Relationship": "Outer",
                   "Parallel Aware": false,
                   "Startup Cost": 1000.89,
                   "Total Cost": 139876.88,
                   "Plan Rows": 10,
                   "Plan Width": 32,
                   "Actual Startup Time": 40.189,
                   "Actual Total Time": 453.558,
                   "Actual Rows": 215,
                   "Actual Loops": 1,
                   "Output": ["regexp_matches((a.pubkey)::text, '.*/(.*)/.*'::text, 'g'::text)"],
                   "Plans": [
                     {
                       "Node Type": "Nested Loop",
                       "Parent Relationship": "Outer",
                       "Parallel Aware": false,
                       "Join Type": "Inner",
                       "Startup Cost": 1000.89,
                       "Total Cost": 139876.82,
                       "Plan Rows": 1,
                       "Plan Width": 23,
                       "Actual Startup Time": 37.327,
                       "Actual Total Time": 447.902,
                       "Actual Rows": 215,
                       "Actual Loops": 1,
                       "Output": ["a.pubkey"],
                       "Inner Unique": true,
                       "Plans": [
                         {
                           "Node Type": "Aggregate",
                           "Strategy": "Sorted",
                           "Partial Mode": "Finalize",
                           "Parent Relationship": "Outer",
                           "Parallel Aware": false,
                           "Startup Cost": 1000.46,
                           "Total Cost": 59536.55,
                           "Plan Rows": 10824,
                           "Plan Width": 4,
                           "Actual Startup Time": 29.397,
                           "Actual Total Time": 203.483,
                           "Actual Rows": 1541,
                           "Actual Loops": 1,
                           "Output": ["b.crossref"],
                           "Group Key": ["b.crossref"],
                           "Filter": "(count(*) > 200)",
                           "Rows Removed by Filter": 37792,
                           "Plans": [
                             {
                               "Node Type": "Gather Merge",
                               "Parent Relationship": "Outer",
                               "Parallel Aware": false,
                               "Startup Cost": 1000.46,
                               "Total Cost": 59320.07,
                               "Plan Rows": 21648,
                               "Plan Width": 12,
                               "Actual Startup Time": 28.221,
                               "Actual Total Time": 193.319,
                               "Actual Rows": 44928,
                               "Actual Loops": 1,
                               "Output": ["b.crossref", "(PARTIAL count(*))"],
                               "Workers Planned": 2,
                               "Workers Launched": 2,
                               "Plans": [
                                 {
                                   "Node Type": "Aggregate",
                                   "Strategy": "Sorted",
                                   "Partial Mode": "Partial",
                                   "Parent Relationship": "Outer",
                                   "Parallel Aware": false,
                                   "Startup Cost": 0.43,
                                   "Total Cost": 55821.33,
                                   "Plan Rows": 10824,
                                   "Plan Width": 12,
                                   "Actual Startup Time": 1.680,
                                   "Actual Total Time": 312.198,
                                   "Actual Rows": 14976,
                                   "Actual Loops": 3,
                                   "Output": ["b.crossref", "PARTIAL count(*)"],
                                   "Group Key": ["b.crossref"],
                                   "Workers": [
                                     {
                                       "Worker Number": 0,
                                       "Actual Startup Time": 0.409,
                                       "Actual Total Time": 414.099,
                                       "Actual Rows": 20852,
                                       "Actual Loops": 1
                                     },
                                     {
                                       "Worker Number": 1,
                                       "Actual Startup Time": 0.786,
                                       "Actual Total Time": 414.124,
                                       "Actual Rows": 20578,
                                       "Actual Loops": 1
                                     }
                                   ],
                                   "Plans": [
                                     {
                                       "Node Type": "Index Only Scan",
                                       "Parent Relationship": "Outer",
                                       "Parallel Aware": true,
                                       "Scan Direction": "Forward",
                                       "Index Name": "id_crossref",
                                       "Relation Name": "publication",
                                       "Schema": "public",
                                       "Alias": "b",
                                       "Startup Cost": 0.43,
                                       "Total Cost": 51017.84,
                                       "Plan Rows": 939050,
                                       "Plan Width": 4,
                                       "Actual Startup Time": 1.582,
                                       "Actual Total Time": 239.058,
                                       "Actual Rows": 760625,
                                       "Actual Loops": 3,
                                       "Output": ["b.crossref"],
                                       "Index Cond": "(b.crossref IS NOT NULL)",
                                       "Rows Removed by Index Recheck": 0,
                                       "Heap Fetches": 0,
                                       "Workers": [
                                         {
                                           "Worker Number": 0,
                                           "Actual Startup Time": 0.389,
                                           "Actual Total Time": 313.403,
                                           "Actual Rows": 1056873,
                                           "Actual Loops": 1
                                         },
                                         {
                                           "Worker Number": 1,
                                           "Actual Startup Time": 0.758,
                                           "Actual Total Time": 312.547,
                                           "Actual Rows": 1051518,
                                           "Actual Loops": 1
                                         }
                                       ]
                                     }
                                   ]
                                 }
                               ]
                             }
                           ]
                         },
                         {
                           "Node Type": "Index Scan",
                           "Parent Relationship": "Inner",
                           "Parallel Aware": false,
                           "Scan Direction": "Forward",
                           "Index Name": "publication_pkey",
                           "Relation Name": "publication",
                           "Schema": "public",
                           "Alias": "a",
                           "Startup Cost": 0.43,
                           "Total Cost": 7.41,
                           "Plan Rows": 1,
                           "Plan Width": 27,
                           "Actual Startup Time": 0.158,
                           "Actual Total Time": 0.158,
                           "Actual Rows": 0,
                           "Actual Loops": 1541,
                           "Output": ["a.pubid", "a.type", "a.pubkey", "a.title", "a.year", "a.crossref"],
                           "Index Cond": "(a.pubid = b.crossref)",
                           "Rows Removed by Index Recheck": 0,
                           "Filter": "(((a.type)::text = 'proceedings'::text) AND (lower(a.title) ~~ '%july%'::text))",
                           "Rows Removed by Filter": 1
                         }
                       ]
                     }
                   ]
                 }
               ]
             }
           ]
         }
       ]
     },
     "Planning Time": 3.636,
     "Triggers": [
     ],
     "Execution Time": 455.881
   }
 ]