[
   {
     "Plan": {
       "Node Type": "Nested Loop",
       "Parallel Aware": false,
       "Join Type": "Inner",
       "Startup Cost": 6.13,
       "Total Cost": 220.72,
       "Plan Rows": 1,
       "Plan Width": 121,
       "Actual Startup Time": 12.984,
       "Actual Total Time": 85.933,
       "Actual Rows": 1,
       "Actual Loops": 1,
       "Output": ["a.pubid", "a.type", "a.pubkey", "a.title", "a.year", "a.crossref"],
       "Inner Unique": true,
       "Plans": [
         {
           "Node Type": "Nested Loop",
           "Parent Relationship": "Outer",
           "Parallel Aware": false,
           "Join Type": "Inner",
           "Startup Cost": 5.69,
           "Total Cost": 217.18,
           "Plan Rows": 6,
           "Plan Width": 121,
           "Actual Startup Time": 5.128,
           "Actual Total Time": 75.438,
           "Actual Rows": 106,
           "Actual Loops": 1,
           "Output": ["a.pubid", "a.type", "a.pubkey", "a.title", "a.year", "a.crossref"],
           "Inner Unique": true,
           "Plans": [
             {
               "Node Type": "Nested Loop",
               "Parent Relationship": "Outer",
               "Parallel Aware": false,
               "Join Type": "Inner",
               "Startup Cost": 5.26,
               "Total Cost": 214.21,
               "Plan Rows": 6,
               "Plan Width": 4,
               "Actual Startup Time": 4.045,
               "Actual Total Time": 29.193,
               "Actual Rows": 106,
               "Actual Loops": 1,
               "Output": ["c.pubid"],
               "Inner Unique": false,
               "Plans": [
                 {
                   "Node Type": "Index Scan",
                   "Parent Relationship": "Outer",
                   "Parallel Aware": false,
                   "Scan Direction": "Forward",
                   "Index Name": "uc_name",
                   "Relation Name": "author",
                   "Schema": "public",
                   "Alias": "b",
                   "Startup Cost": 0.43,
                   "Total Cost": 8.45,
                   "Plan Rows": 1,
                   "Plan Width": 4,
                   "Actual Startup Time": 2.424,
                   "Actual Total Time": 2.425,
                   "Actual Rows": 1,
                   "Actual Loops": 1,
                   "Output": ["b.name", "b.authorid"],
                   "Index Cond": "((b.name)::text = 'Aditya G. Parameswaran'::text)",
                   "Rows Removed by Index Recheck": 0
                 },
                 {
                   "Node Type": "Bitmap Heap Scan",
                   "Parent Relationship": "Inner",
                   "Parallel Aware": false,
                   "Relation Name": "publication_author",
                   "Schema": "public",
                   "Alias": "c",
                   "Startup Cost": 4.83,
                   "Total Cost": 205.26,
                   "Plan Rows": 51,
                   "Plan Width": 8,
                   "Actual Startup Time": 1.616,
                   "Actual Total Time": 26.723,
                   "Actual Rows": 106,
                   "Actual Loops": 1,
                   "Output": ["c.pubid", "c.authorid", "c.id"],
                   "Recheck Cond": "(c.authorid = b.authorid)",
                   "Rows Removed by Index Recheck": 0,
                   "Exact Heap Blocks": 99,
                   "Lossy Heap Blocks": 0,
                   "Plans": [
                     {
                       "Node Type": "Bitmap Index Scan",
                       "Parent Relationship": "Outer",
                       "Parallel Aware": false,
                       "Index Name": "id_authorid",
                       "Startup Cost": 0.00,
                       "Total Cost": 4.82,
                       "Plan Rows": 51,
                       "Plan Width": 0,
                       "Actual Startup Time": 1.417,
                       "Actual Total Time": 1.417,
                       "Actual Rows": 106,
                       "Actual Loops": 1,
                       "Index Cond": "(c.authorid = b.authorid)"
                     }
                   ]
                 }
               ]
             },
             {
               "Node Type": "Index Scan",
               "Parent Relationship": "Inner",
               "Parallel Aware": false,
               "Scan Direction": "Forward",
               "Index Name": "publication_pkey",
               "Relation Name": "publication",
               "Schema": "public",
               "Alias": "a",
               "Startup Cost": 0.43,
               "Total Cost": 0.50,
               "Plan Rows": 1,
               "Plan Width": 121,
               "Actual Startup Time": 0.435,
               "Actual Total Time": 0.435,
               "Actual Rows": 1,
               "Actual Loops": 106,
               "Output": ["a.pubid", "a.type", "a.pubkey", "a.title", "a.year", "a.crossref"],
               "Index Cond": "(a.pubid = c.pubid)",
               "Rows Removed by Index Recheck": 0
             }
           ]
         },
         {
           "Node Type": "Index Scan",
           "Parent Relationship": "Inner",
           "Parallel Aware": false,
           "Scan Direction": "Forward",
           "Index Name": "publication_pkey",
           "Relation Name": "publication",
           "Schema": "public",
           "Alias": "d",
           "Startup Cost": 0.43,
           "Total Cost": 0.59,
           "Plan Rows": 1,
           "Plan Width": 4,
           "Actual Startup Time": 0.098,
           "Actual Total Time": 0.098,
           "Actual Rows": 0,
           "Actual Loops": 106,
           "Output": ["d.pubid", "d.type", "d.pubkey", "d.title", "d.year", "d.crossref"],
           "Index Cond": "(d.pubid = a.crossref)",
           "Rows Removed by Index Recheck": 0,
           "Filter": "(((d.pubkey)::text ~~ '%sigmod%'::text) AND (d.year = 2015))",
           "Rows Removed by Filter": 0
         }
       ]
     },
     "Planning Time": 31.022,
     "Triggers": [
     ],
     "Execution Time": 86.620
   }
 ]